<?xml version="1.0" encoding="UTF-8"?>
<!-- Generated by org.testng.reporters.JUnitReportReporter -->
<testsuite hostname="A868LHYD" failures="0" tests="1" name="Examples.Double_click" time="24.406" errors="0" timestamp="2023-01-23T17:36:54 IST" skipped="0">
  <testcase classname="Examples.Double_click" name="doubleclick" time="24.406"/>
  <system-out/>
</testsuite> <!-- Examples.Double_click -->
