<?xml version="1.0" encoding="UTF-8"?>
<!-- Generated by org.testng.reporters.JUnitReportReporter -->
<testsuite hostname="A868LHYD" failures="0" tests="1" name="Examples.Mousehover" time="14.178" errors="0" timestamp="2023-04-14T13:27:16 IST" skipped="0">
  <testcase classname="Examples.Mousehover" name="mousehover" time="14.178"/>
  <system-out/>
</testsuite> <!-- Examples.Mousehover -->
