<?xml version="1.0" encoding="UTF-8"?>
<!-- Generated by org.testng.reporters.JUnitReportReporter -->
<testsuite hostname="A868LHYD" failures="0" tests="1" name="Exceptions_in_selenium.Screenshots" time="18.862" errors="0" timestamp="2023-02-22T17:38:08 IST" skipped="0">
  <testcase classname="Exceptions_in_selenium.Screenshots" name="test" time="18.862"/>
  <system-out/>
</testsuite> <!-- Exceptions_in_selenium.Screenshots -->
