<?xml version="1.0" encoding="UTF-8"?>
<!-- Generated by org.testng.reporters.JUnitReportReporter -->
<testsuite hostname="A868LHYD" failures="0" tests="1" name="Testng.Practice" time="16.948" errors="0" timestamp="2023-01-05T17:10:21 IST" skipped="0">
  <testcase classname="Testng.Practice" name="register" time="16.948"/>
  <system-out/>
</testsuite> <!-- Testng.Practice -->
